<?xml version="1.0" encoding="UTF-8"?>
<!-- Generated by org.testng.reporters.JUnitXMLReporter -->
<testsuite ignored="0" hostname="MTPC522" failures="0" tests="3" name="testSelenium1" time="49.335" errors="0" timestamp="26 Apr 2019 08:09:59 GMT">
  <testcase classname="com.mitrais.jpqi.springcarrot.TestSelenium" name="loginCorrect" time="41.952"/>
  <testcase classname="com.mitrais.jpqi.springcarrot.TestSelenium" name="openBarnForm" time="0.314"/>
  <testcase classname="com.mitrais.jpqi.springcarrot.TestSelenium" name="createNewBarn" time="6.988"/>
</testsuite> <!-- testSelenium1 -->
